<?xml version="1.0" encoding="utf-8"?><testsuites name="pytest tests"><testsuite name="pytest" errors="0" failures="0" skipped="0" tests="15" time="3.284" timestamp="2026-04-26T03:07:17.658537+00:00" hostname="agent-env-72b2b419-8695-40b0-85db-784ba4ca9275"><testcase classname="backend.tests.test_youtube_contact.TestYouTube" name="test_get_videos" time="0.644" /><testcase classname="backend.tests.test_youtube_contact.TestYouTube" name="test_search_videos" time="0.785" /><testcase classname="backend.tests.test_youtube_contact.TestContactPublic" name="test_public_settings_no_credentials_leak" time="0.063" /><testcase classname="backend.tests.test_youtube_contact.TestContactAdminSettings" name="test_admin_settings_requires_auth" time="0.058" /><testcase classname="backend.tests.test_youtube_contact.TestContactAdminSettings" name="test_admin_get_full_settings" time="0.355" /><testcase classname="backend.tests.test_youtube_contact.TestContactAdminSettings" name="test_admin_update_settings_persists" time="0.496" /><testcase classname="backend.tests.test_youtube_contact.TestContactSubmission" name="test_submit_contact_form_with_invalid_creds" time="0.058" /><testcase classname="backend.tests.test_youtube_contact.TestContactSubmission" name="test_admin_list_submissions" time="0.058" /><testcase classname="backend.tests.test_youtube_contact.TestContactSubmission" name="test_admin_update_submission_status" time="0.115" /><testcase classname="backend.tests.test_youtube_contact.TestContactSubmission" name="test_admin_delete_submission" time="0.114" /><testcase classname="backend.tests.test_youtube_contact.TestRegression" name="test_announcements" time="0.067" /><testcase classname="backend.tests.test_youtube_contact.TestRegression" name="test_donation_goal" time="0.062" /><testcase classname="backend.tests.test_youtube_contact.TestRegression" name="test_hero_settings" time="0.055" /><testcase classname="backend.tests.test_youtube_contact.TestRegression" name="test_prayers_today_or_404" time="0.058" /><testcase classname="backend.tests.test_youtube_contact" name="test_zz_cleanup_restore_settings" time="0.112" /></testsuite></testsuites>