<?xml version="1.0" encoding="utf-8"?><testsuites name="pytest tests"><testsuite name="pytest" errors="0" failures="0" skipped="0" tests="17" time="2.423" timestamp="2026-03-09T17:27:08.928814+00:00" hostname="agent-env-72b2b419-8695-40b0-85db-784ba4ca9275"><testcase classname="backend.tests.test_timetable_events.TestHealthCheck" name="test_api_root_returns_healthy" time="0.397" /><testcase classname="backend.tests.test_timetable_events.TestAdminLogin" name="test_admin_login_success" time="0.288" /><testcase classname="backend.tests.test_timetable_events.TestAdminLogin" name="test_admin_login_invalid_credentials" time="0.048" /><testcase classname="backend.tests.test_timetable_events.TestTimetablePublic" name="test_get_timetable_returns_200" time="0.048" /><testcase classname="backend.tests.test_timetable_events.TestTimetableAdmin" name="test_update_timetable_requires_auth" time="0.158" /><testcase classname="backend.tests.test_timetable_events.TestTimetableAdmin" name="test_update_timetable_success" time="0.098" /><testcase classname="backend.tests.test_timetable_events.TestEventsPublic" name="test_get_events_returns_200" time="0.086" /><testcase classname="backend.tests.test_timetable_events.TestEventsAdmin" name="test_get_admin_events_requires_auth" time="0.135" /><testcase classname="backend.tests.test_timetable_events.TestEventsAdmin" name="test_get_admin_events_success" time="0.062" /><testcase classname="backend.tests.test_timetable_events.TestEventsAdmin" name="test_create_event_requires_auth" time="0.100" /><testcase classname="backend.tests.test_timetable_events.TestEventsAdmin" name="test_create_event_success" time="0.053" /><testcase classname="backend.tests.test_timetable_events.TestEventsAdmin" name="test_update_event_success" time="0.142" /><testcase classname="backend.tests.test_timetable_events.TestEventsAdmin" name="test_update_event_not_found" time="0.044" /><testcase classname="backend.tests.test_timetable_events.TestEventsAdmin" name="test_toggle_event_enabled" time="0.224" /><testcase classname="backend.tests.test_timetable_events.TestEventsAdmin" name="test_delete_event_success" time="0.172" /><testcase classname="backend.tests.test_timetable_events.TestEventsAdmin" name="test_delete_event_not_found" time="0.048" /><testcase classname="backend.tests.test_timetable_events.TestImageUpload" name="test_upload_image_requires_auth" time="0.229" /></testsuite></testsuites>